[2020-06-30T11:46:04.310] [DEBUG] cheese - login => username:admin,password:123456
[2020-06-30T11:46:04.313] [DEBUG] cheese - admin
[2020-06-30T11:46:04.330] [DEBUG] cheese - null
[2020-06-30T11:46:04.330] [DEBUG] cheese - null
[2020-06-30T16:26:45.202] [DEBUG] cheese - login => username:admin,password:123456
[2020-06-30T16:26:45.205] [DEBUG] cheese - admin
[2020-06-30T16:26:45.234] [DEBUG] cheese - null
[2020-06-30T16:26:45.235] [DEBUG] cheese - null
[2020-06-30T16:27:25.732] [DEBUG] cheese - login => username:admin,password:123456
[2020-06-30T16:27:25.732] [DEBUG] cheese - admin
[2020-06-30T16:27:25.738] [DEBUG] cheese - null
[2020-06-30T16:27:25.738] [DEBUG] cheese - null
[2020-06-30T16:27:30.920] [DEBUG] cheese - login => username:admin,password:123456
[2020-06-30T16:27:30.920] [DEBUG] cheese - admin
[2020-06-30T16:27:30.923] [DEBUG] cheese - null
[2020-06-30T16:27:30.923] [DEBUG] cheese - null
[2020-06-30T16:31:16.157] [DEBUG] cheese - login => username:admin,password:123456
[2020-06-30T16:31:16.158] [DEBUG] cheese - admin
[2020-06-30T16:31:16.164] [DEBUG] cheese - null
[2020-06-30T16:31:16.164] [DEBUG] cheese - null
[2020-06-30T16:31:56.582] [DEBUG] cheese - login => username:admin,password:123456
[2020-06-30T16:31:56.583] [DEBUG] cheese - admin
[2020-06-30T16:31:56.589] [DEBUG] cheese - null
[2020-06-30T16:31:56.589] [DEBUG] cheese - null
[2020-06-30T16:36:09.063] [DEBUG] cheese - login => username:admin,password:123456
[2020-06-30T16:36:09.063] [DEBUG] cheese - admin
[2020-06-30T16:36:09.069] [DEBUG] cheese - null
[2020-06-30T16:36:09.069] [DEBUG] cheese - null
[2020-06-30T16:36:36.436] [DEBUG] cheese - login => username:admin,password:123456
[2020-06-30T16:36:36.436] [DEBUG] cheese - admin
[2020-06-30T16:36:36.439] [DEBUG] cheese - null
[2020-06-30T16:36:36.440] [DEBUG] cheese - null
[2020-06-30T17:52:17.190] [DEBUG] cheese - login => username:admin,password:123456
[2020-06-30T17:52:17.192] [DEBUG] cheese - admin
[2020-06-30T17:52:17.201] [DEBUG] cheese - null
[2020-06-30T17:52:17.202] [DEBUG] cheese - null
[2020-06-30T17:52:58.923] [DEBUG] cheese - login => username:admin,password:123456
[2020-06-30T17:52:58.923] [DEBUG] cheese - admin
[2020-06-30T17:52:58.928] [DEBUG] cheese - null
[2020-06-30T17:52:58.929] [DEBUG] cheese - null
[2020-06-30T17:53:11.446] [DEBUG] cheese - login => username:admin,password:123456
[2020-06-30T17:53:11.447] [DEBUG] cheese - admin
[2020-06-30T17:53:11.450] [DEBUG] cheese - null
[2020-06-30T17:53:11.450] [DEBUG] cheese - null
[2020-06-30T17:53:51.786] [DEBUG] cheese - login => username:admin,password:123456
[2020-06-30T17:53:51.786] [DEBUG] cheese - admin
[2020-06-30T17:53:51.789] [DEBUG] cheese - null
[2020-06-30T17:53:51.790] [DEBUG] cheese - null
[2020-06-30T17:55:15.569] [DEBUG] cheese - login => username:admin,password:123456
[2020-06-30T17:55:15.569] [DEBUG] cheese - admin
[2020-06-30T17:55:15.573] [DEBUG] cheese - null
[2020-06-30T17:55:15.573] [DEBUG] cheese - null
[2020-06-30T17:55:19.083] [DEBUG] cheese - login => username:admin12,password:123456
[2020-06-30T17:55:19.083] [DEBUG] cheese - admin12
[2020-06-30T17:55:19.093] [DEBUG] cheese - null
[2020-06-30T17:55:19.094] [DEBUG] cheese - null
[2020-06-30T17:55:42.280] [DEBUG] cheese - login => username:a,password:123456
[2020-06-30T17:55:42.280] [DEBUG] cheese - a
[2020-06-30T17:55:42.284] [DEBUG] cheese - null
[2020-06-30T17:55:42.284] [DEBUG] cheese - null
[2020-06-30T17:55:46.780] [DEBUG] cheese - login => username:a,password:a
[2020-06-30T17:55:46.780] [DEBUG] cheese - a
[2020-06-30T17:55:46.783] [DEBUG] cheese - null
[2020-06-30T17:55:46.783] [DEBUG] cheese - null
[2020-06-30T17:56:46.836] [DEBUG] cheese - login => username:admin,password:admin
[2020-06-30T17:56:46.837] [DEBUG] cheese - admin
[2020-06-30T17:56:46.841] [DEBUG] cheese - null
[2020-06-30T17:56:46.841] [DEBUG] cheese - null
[2020-06-30T17:57:01.616] [DEBUG] cheese - login => username:admin,password:admin
[2020-06-30T17:57:01.616] [DEBUG] cheese - admin
[2020-06-30T17:57:01.620] [DEBUG] cheese - null
[2020-06-30T17:57:01.620] [DEBUG] cheese - null
[2020-06-30T17:57:09.976] [DEBUG] cheese - login => username:admin,password:123456
[2020-06-30T17:57:09.976] [DEBUG] cheese - admin
[2020-06-30T17:57:09.979] [DEBUG] cheese - null
[2020-06-30T17:57:09.979] [DEBUG] cheese - null
[2020-06-30T17:58:55.005] [DEBUG] cheese - login => username:asdasda,password:sdasdasd
[2020-06-30T17:58:55.005] [DEBUG] cheese - asdasda
[2020-06-30T17:58:55.008] [DEBUG] cheese - null
[2020-06-30T17:58:55.008] [DEBUG] cheese - null
[2020-06-30T17:59:04.346] [DEBUG] cheese - login => username:admin,password:123456
[2020-06-30T17:59:04.346] [DEBUG] cheese - admin
[2020-06-30T17:59:04.349] [DEBUG] cheese - null
[2020-06-30T17:59:04.349] [DEBUG] cheese - null
[2020-07-01T12:04:00.040] [DEBUG] cheese - login => username:admin,password:123456
[2020-07-01T12:04:00.042] [DEBUG] cheese - admin
[2020-07-01T12:04:00.069] [DEBUG] cheese - null
[2020-07-01T12:04:00.069] [DEBUG] cheese - null
[2020-07-01T12:39:32.994] [DEBUG] cheese - login => username:admin,password:123456
[2020-07-01T12:39:32.994] [DEBUG] cheese - admin
[2020-07-01T12:39:32.999] [DEBUG] cheese - null
[2020-07-01T12:39:32.999] [DEBUG] cheese - null
[2020-07-01T16:39:13.439] [DEBUG] cheese - login => username:admin,password:123456
[2020-07-01T16:39:13.442] [DEBUG] cheese - admin
[2020-07-01T16:39:13.475] [DEBUG] cheese - null
[2020-07-01T16:39:13.476] [DEBUG] cheese - null
[2020-07-01T16:41:35.931] [DEBUG] cheese - login => username:admin,password:admin
[2020-07-01T16:41:35.931] [DEBUG] cheese - admin
[2020-07-01T16:41:35.936] [DEBUG] cheese - null
[2020-07-01T16:41:35.936] [DEBUG] cheese - null
[2020-07-01T16:41:40.283] [DEBUG] cheese - login => username:admin,password:123456
[2020-07-01T16:41:40.283] [DEBUG] cheese - admin
[2020-07-01T16:41:40.286] [DEBUG] cheese - null
[2020-07-01T16:41:40.286] [DEBUG] cheese - null
[2020-07-01T16:42:41.415] [DEBUG] cheese - login => username:admin,password:admin
[2020-07-01T16:42:41.415] [DEBUG] cheese - admin
[2020-07-01T16:42:41.419] [DEBUG] cheese - null
[2020-07-01T16:42:41.419] [DEBUG] cheese - null
[2020-07-01T16:43:01.597] [DEBUG] cheese - login => username:admin,password:admin
[2020-07-01T16:43:01.597] [DEBUG] cheese - admin
[2020-07-01T16:43:01.601] [DEBUG] cheese - null
[2020-07-01T16:43:01.601] [DEBUG] cheese - null
[2020-07-01T16:43:21.633] [DEBUG] cheese - login => username:admin,password:123456
[2020-07-01T16:43:21.633] [DEBUG] cheese - admin
[2020-07-01T16:43:21.638] [DEBUG] cheese - null
[2020-07-01T16:43:21.638] [DEBUG] cheese - null
[2020-07-01T16:43:46.945] [DEBUG] cheese - login => username:admin,password:admin
[2020-07-01T16:43:46.945] [DEBUG] cheese - admin
[2020-07-01T16:43:46.950] [DEBUG] cheese - null
[2020-07-01T16:43:46.950] [DEBUG] cheese - null
[2020-07-01T16:43:59.128] [DEBUG] cheese - login => username:admin,password:sldkjlskdf
[2020-07-01T16:43:59.128] [DEBUG] cheese - admin
[2020-07-01T16:43:59.133] [DEBUG] cheese - null
[2020-07-01T16:43:59.133] [DEBUG] cheese - null
[2020-07-01T16:44:25.847] [DEBUG] cheese - login => username:admin,password:sldkjlskdf
[2020-07-01T16:44:25.847] [DEBUG] cheese - admin
[2020-07-01T16:44:25.851] [DEBUG] cheese - null
[2020-07-01T16:44:25.851] [DEBUG] cheese - null
[2020-07-01T16:44:26.391] [DEBUG] cheese - login => username:admin,password:sldkjlskdf
[2020-07-01T16:44:26.391] [DEBUG] cheese - admin
[2020-07-01T16:44:26.394] [DEBUG] cheese - null
[2020-07-01T16:44:26.394] [DEBUG] cheese - null
[2020-07-01T16:44:26.659] [DEBUG] cheese - login => username:admin,password:sldkjlskdf
[2020-07-01T16:44:26.659] [DEBUG] cheese - admin
[2020-07-01T16:44:26.663] [DEBUG] cheese - null
[2020-07-01T16:44:26.663] [DEBUG] cheese - null
[2020-07-01T16:44:26.991] [DEBUG] cheese - login => username:admin,password:sldkjlskdf
[2020-07-01T16:44:26.991] [DEBUG] cheese - admin
[2020-07-01T16:44:26.995] [DEBUG] cheese - null
[2020-07-01T16:44:26.996] [DEBUG] cheese - null
[2020-07-01T16:44:50.963] [DEBUG] cheese - login => username:asdasd,password:123123123
[2020-07-01T16:44:50.963] [DEBUG] cheese - asdasd
[2020-07-01T16:44:50.966] [DEBUG] cheese - null
[2020-07-01T16:44:50.966] [DEBUG] cheese - null
[2020-07-01T16:44:53.037] [DEBUG] cheese - login => username:asdasd,password:123123123
[2020-07-01T16:44:53.037] [DEBUG] cheese - asdasd
[2020-07-01T16:44:53.041] [DEBUG] cheese - null
[2020-07-01T16:44:53.041] [DEBUG] cheese - null
[2020-07-01T16:45:14.154] [DEBUG] cheese - login => username:admin,password:123456
[2020-07-01T16:45:14.154] [DEBUG] cheese - admin
[2020-07-01T16:45:14.158] [DEBUG] cheese - null
[2020-07-01T16:45:14.158] [DEBUG] cheese - null
[2020-07-01T16:45:45.273] [DEBUG] cheese - login => username:admin,password:123456
[2020-07-01T16:45:45.274] [DEBUG] cheese - admin
[2020-07-01T16:45:45.278] [DEBUG] cheese - null
[2020-07-01T16:45:45.278] [DEBUG] cheese - null
[2020-07-01T16:46:01.758] [DEBUG] cheese - login => username:admin,password:123456
[2020-07-01T16:46:01.759] [DEBUG] cheese - admin
[2020-07-01T16:46:01.763] [DEBUG] cheese - null
[2020-07-01T16:46:01.763] [DEBUG] cheese - null
[2020-07-01T16:46:44.202] [DEBUG] cheese - login => username:admin,password:123456
[2020-07-01T16:46:44.202] [DEBUG] cheese - admin
[2020-07-01T16:46:44.206] [DEBUG] cheese - null
[2020-07-01T16:46:44.206] [DEBUG] cheese - null
[2020-07-01T16:51:06.294] [DEBUG] cheese - login => username:admin,password:123456
[2020-07-01T16:51:06.294] [DEBUG] cheese - admin
[2020-07-01T16:51:06.299] [DEBUG] cheese - null
[2020-07-01T16:51:06.299] [DEBUG] cheese - null
[2020-07-01T16:52:01.916] [DEBUG] cheese - login => username:admin,password:123456
[2020-07-01T16:52:01.917] [DEBUG] cheese - admin
[2020-07-01T16:52:01.921] [DEBUG] cheese - null
[2020-07-01T16:52:01.921] [DEBUG] cheese - null
[2020-07-01T16:52:17.627] [DEBUG] cheese - login => username:admin,password:123456
[2020-07-01T16:52:17.627] [DEBUG] cheese - admin
[2020-07-01T16:52:17.632] [DEBUG] cheese - null
[2020-07-01T16:52:17.632] [DEBUG] cheese - null
[2020-07-01T16:52:45.496] [DEBUG] cheese - login => username:admin,password:123456
[2020-07-01T16:52:45.496] [DEBUG] cheese - admin
[2020-07-01T16:52:45.500] [DEBUG] cheese - null
[2020-07-01T16:52:45.500] [DEBUG] cheese - null
[2020-07-01T17:13:10.432] [DEBUG] cheese - login => username:admin,password:123456
[2020-07-01T17:13:10.432] [DEBUG] cheese - admin
[2020-07-01T17:13:10.436] [DEBUG] cheese - null
[2020-07-01T17:13:10.436] [DEBUG] cheese - null
[2020-07-01T17:13:51.639] [DEBUG] cheese - login => username:admin,password:123456
[2020-07-01T17:13:51.640] [DEBUG] cheese - admin
[2020-07-01T17:13:51.643] [DEBUG] cheese - null
[2020-07-01T17:13:51.643] [DEBUG] cheese - null
[2020-07-01T17:16:02.171] [DEBUG] cheese - login => username:admin,password:123456
[2020-07-01T17:16:02.172] [DEBUG] cheese - admin
[2020-07-01T17:16:02.175] [DEBUG] cheese - null
[2020-07-01T17:16:02.175] [DEBUG] cheese - null
[2020-07-01T17:27:22.035] [DEBUG] cheese - login => username:admin,password:123456
[2020-07-01T17:27:22.035] [DEBUG] cheese - admin
[2020-07-01T17:27:22.039] [DEBUG] cheese - null
[2020-07-01T17:27:22.039] [DEBUG] cheese - null
[2020-07-02T11:21:59.946] [DEBUG] cheese - login => username:admin,password:123456
[2020-07-02T11:21:59.950] [DEBUG] cheese - admin
[2020-07-02T11:21:59.985] [DEBUG] cheese - null
[2020-07-02T11:21:59.985] [DEBUG] cheese - null
[2020-07-02T11:35:48.062] [DEBUG] cheese - login => username:admin,password:123456
[2020-07-02T11:35:48.063] [DEBUG] cheese - admin
[2020-07-02T11:35:48.066] [DEBUG] cheese - null
[2020-07-02T11:35:48.066] [DEBUG] cheese - null
[2020-07-02T11:40:44.637] [DEBUG] cheese - login => username:admin,password:123456
[2020-07-02T11:40:44.639] [DEBUG] cheese - admin
[2020-07-02T11:40:44.650] [DEBUG] cheese - null
[2020-07-02T11:40:44.650] [DEBUG] cheese - null
[2020-07-02T11:41:44.808] [DEBUG] cheese - login => username:admin,password:123456
[2020-07-02T11:41:44.808] [DEBUG] cheese - admin
[2020-07-02T11:41:44.813] [DEBUG] cheese - null
[2020-07-02T11:41:44.813] [DEBUG] cheese - null
[2020-07-02T11:48:33.854] [DEBUG] cheese - login => username:admin,password:123456
[2020-07-02T11:48:33.854] [DEBUG] cheese - admin
[2020-07-02T11:48:33.858] [DEBUG] cheese - null
[2020-07-02T11:48:33.859] [DEBUG] cheese - null
[2020-07-02T13:00:58.219] [DEBUG] cheese - login => username:admin,password:123456
[2020-07-02T13:00:58.219] [DEBUG] cheese - admin
[2020-07-02T13:00:58.223] [DEBUG] cheese - null
[2020-07-02T13:00:58.223] [DEBUG] cheese - null
[2020-07-02T13:08:56.869] [DEBUG] cheese - login => username:admin,password:123456
[2020-07-02T13:08:56.869] [DEBUG] cheese - admin
[2020-07-02T13:08:56.872] [DEBUG] cheese - null
[2020-07-02T13:08:56.872] [DEBUG] cheese - null
[2020-07-02T13:12:15.015] [DEBUG] cheese - login => username:admin,password:123456
[2020-07-02T13:12:15.015] [DEBUG] cheese - admin
[2020-07-02T13:12:15.018] [DEBUG] cheese - null
[2020-07-02T13:12:15.018] [DEBUG] cheese - null
[2020-07-02T13:22:21.282] [DEBUG] cheese - login => username:admin,password:123456
[2020-07-02T13:22:21.282] [DEBUG] cheese - admin
[2020-07-02T13:22:21.285] [DEBUG] cheese - null
[2020-07-02T13:22:21.285] [DEBUG] cheese - null
[2020-07-02T15:57:38.532] [DEBUG] cheese - login => username:admin,password:123456
[2020-07-02T15:57:38.532] [DEBUG] cheese - admin
[2020-07-02T15:57:38.538] [DEBUG] cheese - null
[2020-07-02T15:57:38.538] [DEBUG] cheese - null
[2020-07-02T17:54:32.348] [DEBUG] cheese - login => username:admin,password:123456
[2020-07-02T17:54:32.350] [DEBUG] cheese - admin
[2020-07-02T17:54:32.362] [DEBUG] cheese - null
[2020-07-02T17:54:32.362] [DEBUG] cheese - null
[2020-07-02T17:54:36.440] [DEBUG] cheese - login => username:admin,password:123456
[2020-07-02T17:54:36.441] [DEBUG] cheese - admin
[2020-07-02T17:54:36.443] [DEBUG] cheese - null
[2020-07-02T17:54:36.443] [DEBUG] cheese - null
[2020-07-03T09:22:04.618] [DEBUG] cheese - login => username:admin,password:123456
[2020-07-03T09:22:04.624] [DEBUG] cheese - admin
[2020-07-03T09:22:04.669] [DEBUG] cheese - null
[2020-07-03T09:22:04.670] [DEBUG] cheese - null
[2020-07-03T09:42:23.322] [DEBUG] cheese - login => username:admin,password:123456
[2020-07-03T09:42:23.322] [DEBUG] cheese - admin
[2020-07-03T09:42:23.332] [DEBUG] cheese - null
[2020-07-03T09:42:23.332] [DEBUG] cheese - null
[2020-07-03T09:42:25.550] [DEBUG] cheese - login => username:admin,password:123456
[2020-07-03T09:42:25.550] [DEBUG] cheese - admin
[2020-07-03T09:42:25.558] [DEBUG] cheese - null
[2020-07-03T09:42:25.559] [DEBUG] cheese - null
[2020-07-03T09:45:04.948] [DEBUG] cheese - login => username:admin,password:123456
[2020-07-03T09:45:04.948] [DEBUG] cheese - admin
[2020-07-03T09:45:04.960] [DEBUG] cheese - null
[2020-07-03T09:45:04.960] [DEBUG] cheese - null
[2020-07-03T09:45:06.052] [DEBUG] cheese - login => username:admin,password:123456
[2020-07-03T09:45:06.052] [DEBUG] cheese - admin
[2020-07-03T09:45:06.057] [DEBUG] cheese - null
[2020-07-03T09:45:06.058] [DEBUG] cheese - null
[2020-07-03T10:00:49.485] [DEBUG] cheese - login => username:admin,password:123456
[2020-07-03T10:00:49.485] [DEBUG] cheese - admin
[2020-07-03T10:00:49.489] [DEBUG] cheese - null
[2020-07-03T10:00:49.489] [DEBUG] cheese - null
[2020-07-03T11:12:27.988] [DEBUG] cheese - login => username:123,password:123123
[2020-07-03T11:12:27.989] [DEBUG] cheese - 123
[2020-07-03T11:12:27.998] [DEBUG] cheese - null
[2020-07-03T11:12:27.998] [DEBUG] cheese - null
[2020-07-03T11:13:54.856] [DEBUG] cheese - login => username:admin,password:123456
[2020-07-03T11:13:54.856] [DEBUG] cheese - admin
[2020-07-03T11:13:54.860] [DEBUG] cheese - null
[2020-07-03T11:13:54.860] [DEBUG] cheese - null
[2020-07-03T11:13:59.275] [DEBUG] cheese - login => username:admin1,password:123456
[2020-07-03T11:13:59.275] [DEBUG] cheese - admin1
[2020-07-03T11:13:59.278] [DEBUG] cheese - null
[2020-07-03T11:13:59.278] [DEBUG] cheese - null
[2020-07-03T11:16:38.253] [DEBUG] cheese - login => username:admin,password:123456
[2020-07-03T11:16:38.253] [DEBUG] cheese - admin
[2020-07-03T11:16:38.257] [DEBUG] cheese - null
[2020-07-03T11:16:38.257] [DEBUG] cheese - null
[2020-07-03T11:17:10.497] [DEBUG] cheese - login => username:123123,password:123123123
[2020-07-03T11:17:10.497] [DEBUG] cheese - 123123
[2020-07-03T11:17:10.501] [DEBUG] cheese - null
[2020-07-03T11:17:10.501] [DEBUG] cheese - null
[2020-07-03T11:18:06.738] [DEBUG] cheese - login => username:admin,password:123456
[2020-07-03T11:18:06.738] [DEBUG] cheese - admin
[2020-07-03T11:18:06.743] [DEBUG] cheese - null
[2020-07-03T11:18:06.743] [DEBUG] cheese - null
[2020-07-03T11:19:26.910] [DEBUG] cheese - login => username:asdasd,password:asdasd
[2020-07-03T11:19:26.910] [DEBUG] cheese - asdasd
[2020-07-03T11:19:26.918] [DEBUG] cheese - null
[2020-07-03T11:19:26.918] [DEBUG] cheese - null
[2020-07-03T11:19:49.106] [DEBUG] cheese - login => username:admin,password:123123123
[2020-07-03T11:19:49.106] [DEBUG] cheese - admin
[2020-07-03T11:19:49.110] [DEBUG] cheese - null
[2020-07-03T11:19:49.110] [DEBUG] cheese - null
[2020-07-03T11:19:57.111] [DEBUG] cheese - login => username:admin1,password:123123123
[2020-07-03T11:19:57.111] [DEBUG] cheese - admin1
[2020-07-03T11:19:57.115] [DEBUG] cheese - null
[2020-07-03T11:19:57.116] [DEBUG] cheese - null
[2020-07-03T11:21:00.929] [DEBUG] cheese - login => username:asdasd,password:asdasdasd
[2020-07-03T11:21:00.929] [DEBUG] cheese - asdasd
[2020-07-03T11:21:00.933] [DEBUG] cheese - null
[2020-07-03T11:21:00.933] [DEBUG] cheese - null
[2020-07-03T11:21:02.623] [DEBUG] cheese - login => username:asdasd,password:asdasdasd
[2020-07-03T11:21:02.623] [DEBUG] cheese - asdasd
[2020-07-03T11:21:02.625] [DEBUG] cheese - null
[2020-07-03T11:21:02.625] [DEBUG] cheese - null
[2020-07-03T11:21:02.813] [DEBUG] cheese - login => username:asdasd,password:asdasdasd
[2020-07-03T11:21:02.814] [DEBUG] cheese - asdasd
[2020-07-03T11:21:02.816] [DEBUG] cheese - null
[2020-07-03T11:21:02.817] [DEBUG] cheese - null
[2020-07-03T11:21:02.971] [DEBUG] cheese - login => username:asdasd,password:asdasdasd
[2020-07-03T11:21:02.971] [DEBUG] cheese - asdasd
[2020-07-03T11:21:02.973] [DEBUG] cheese - null
[2020-07-03T11:21:02.973] [DEBUG] cheese - null
[2020-07-03T11:21:03.138] [DEBUG] cheese - login => username:asdasd,password:asdasdasd
[2020-07-03T11:21:03.139] [DEBUG] cheese - asdasd
[2020-07-03T11:21:03.160] [DEBUG] cheese - null
[2020-07-03T11:21:03.160] [DEBUG] cheese - null
[2020-07-03T11:21:03.319] [DEBUG] cheese - login => username:asdasd,password:asdasdasd
[2020-07-03T11:21:03.319] [DEBUG] cheese - asdasd
[2020-07-03T11:21:03.322] [DEBUG] cheese - null
[2020-07-03T11:21:03.322] [DEBUG] cheese - null
[2020-07-03T11:21:03.483] [DEBUG] cheese - login => username:asdasd,password:asdasdasd
[2020-07-03T11:21:03.483] [DEBUG] cheese - asdasd
[2020-07-03T11:21:03.486] [DEBUG] cheese - null
[2020-07-03T11:21:03.487] [DEBUG] cheese - null
[2020-07-03T11:21:03.656] [DEBUG] cheese - login => username:asdasd,password:asdasdasd
[2020-07-03T11:21:03.656] [DEBUG] cheese - asdasd
[2020-07-03T11:21:03.659] [DEBUG] cheese - null
[2020-07-03T11:21:03.659] [DEBUG] cheese - null
[2020-07-03T11:21:35.244] [DEBUG] cheese - login => username:asdasd,password:asdasdasd
[2020-07-03T11:21:35.244] [DEBUG] cheese - asdasd
[2020-07-03T11:21:35.247] [DEBUG] cheese - null
[2020-07-03T11:21:35.247] [DEBUG] cheese - null
[2020-07-03T11:22:50.781] [DEBUG] cheese - login => username:1231231,password:23123123
[2020-07-03T11:22:50.781] [DEBUG] cheese - 1231231
[2020-07-03T11:22:50.783] [DEBUG] cheese - null
[2020-07-03T11:22:50.783] [DEBUG] cheese - null
[2020-07-03T11:23:02.306] [DEBUG] cheese - login => username:123123,password:123123
[2020-07-03T11:23:02.306] [DEBUG] cheese - 123123
[2020-07-03T11:23:02.309] [DEBUG] cheese - null
[2020-07-03T11:23:02.309] [DEBUG] cheese - null
[2020-07-03T11:23:59.114] [DEBUG] cheese - login => username:123123,password:123123123
[2020-07-03T11:23:59.114] [DEBUG] cheese - 123123
[2020-07-03T11:23:59.118] [DEBUG] cheese - null
[2020-07-03T11:23:59.118] [DEBUG] cheese - null
[2020-07-03T11:24:00.497] [DEBUG] cheese - login => username:123123,password:123123123
[2020-07-03T11:24:00.497] [DEBUG] cheese - 123123
[2020-07-03T11:24:00.500] [DEBUG] cheese - null
[2020-07-03T11:24:00.500] [DEBUG] cheese - null
[2020-07-03T11:24:11.487] [DEBUG] cheese - login => username:123123,password:12312312
[2020-07-03T11:24:11.487] [DEBUG] cheese - 123123
[2020-07-03T11:24:11.490] [DEBUG] cheese - null
[2020-07-03T11:24:11.490] [DEBUG] cheese - null
[2020-07-03T11:25:11.818] [DEBUG] cheese - login => username:admin,password:123456
[2020-07-03T11:25:11.818] [DEBUG] cheese - admin
[2020-07-03T11:25:11.821] [DEBUG] cheese - null
[2020-07-03T11:25:11.821] [DEBUG] cheese - null
[2020-07-03T11:25:31.930] [DEBUG] cheese - login => username:admin,password:123456
[2020-07-03T11:25:31.931] [DEBUG] cheese - admin
[2020-07-03T11:25:31.934] [DEBUG] cheese - null
[2020-07-03T11:25:31.934] [DEBUG] cheese - null
[2020-07-03T11:39:31.163] [DEBUG] cheese - login => username:admin,password:123456
[2020-07-03T11:39:31.163] [DEBUG] cheese - admin
[2020-07-03T11:39:31.167] [DEBUG] cheese - null
[2020-07-03T11:39:31.167] [DEBUG] cheese - null
[2020-07-03T11:40:14.350] [DEBUG] cheese - login => username:admin,password:123456
[2020-07-03T11:40:14.350] [DEBUG] cheese - admin
[2020-07-03T11:40:14.352] [DEBUG] cheese - null
[2020-07-03T11:40:14.353] [DEBUG] cheese - null
[2020-07-03T11:40:24.765] [DEBUG] cheese - login => username:admin,password:123456
[2020-07-03T11:40:24.765] [DEBUG] cheese - admin
[2020-07-03T11:40:24.767] [DEBUG] cheese - null
[2020-07-03T11:40:24.767] [DEBUG] cheese - null
[2020-07-03T11:41:41.512] [DEBUG] cheese - login => username:admin,password:123456
[2020-07-03T11:41:41.513] [DEBUG] cheese - admin
[2020-07-03T11:41:41.517] [DEBUG] cheese - null
[2020-07-03T11:41:41.517] [DEBUG] cheese - null
[2020-07-03T11:42:04.834] [DEBUG] cheese - login => username:admin,password:123456
[2020-07-03T11:42:04.834] [DEBUG] cheese - admin
[2020-07-03T11:42:04.837] [DEBUG] cheese - null
[2020-07-03T11:42:04.837] [DEBUG] cheese - null
[2020-07-03T11:46:09.607] [DEBUG] cheese - login => username:admin,password:123456
[2020-07-03T11:46:09.607] [DEBUG] cheese - admin
[2020-07-03T11:46:09.610] [DEBUG] cheese - null
[2020-07-03T11:46:09.610] [DEBUG] cheese - null
[2020-07-03T11:49:04.264] [DEBUG] cheese - login => username:admin,password:123456
[2020-07-03T11:49:04.264] [DEBUG] cheese - admin
[2020-07-03T11:49:04.268] [DEBUG] cheese - null
[2020-07-03T11:49:04.269] [DEBUG] cheese - null
[2020-07-03T11:50:54.815] [DEBUG] cheese - login => username:admin,password:123456
[2020-07-03T11:50:54.815] [DEBUG] cheese - admin
[2020-07-03T11:50:54.819] [DEBUG] cheese - null
[2020-07-03T11:50:54.820] [DEBUG] cheese - null
[2020-07-03T11:54:58.683] [DEBUG] cheese - login => username:admin,password:123456
[2020-07-03T11:54:58.683] [DEBUG] cheese - admin
[2020-07-03T11:54:58.687] [DEBUG] cheese - null
[2020-07-03T11:54:58.687] [DEBUG] cheese - null
[2020-07-03T11:55:22.245] [DEBUG] cheese - login => username:admin,password:123456
[2020-07-03T11:55:22.245] [DEBUG] cheese - admin
[2020-07-03T11:55:22.247] [DEBUG] cheese - null
[2020-07-03T11:55:22.247] [DEBUG] cheese - null
[2020-07-03T11:56:18.497] [DEBUG] cheese - login => username:admin,password:123456
[2020-07-03T11:56:18.497] [DEBUG] cheese - admin
[2020-07-03T11:56:18.501] [DEBUG] cheese - null
[2020-07-03T11:56:18.501] [DEBUG] cheese - null
[2020-07-03T12:27:12.824] [DEBUG] cheese - login => username:admin,password:123456
[2020-07-03T12:27:12.824] [DEBUG] cheese - admin
[2020-07-03T12:27:12.830] [DEBUG] cheese - null
[2020-07-03T12:27:12.830] [DEBUG] cheese - null
[2020-07-03T12:31:31.728] [DEBUG] cheese - login => username:admin,password:123456
[2020-07-03T12:31:31.728] [DEBUG] cheese - admin
[2020-07-03T12:31:31.731] [DEBUG] cheese - null
[2020-07-03T12:31:31.731] [DEBUG] cheese - null
[2020-07-03T12:33:42.169] [DEBUG] cheese - login => username:admin,password:123456
[2020-07-03T12:33:42.169] [DEBUG] cheese - admin
[2020-07-03T12:33:42.172] [DEBUG] cheese - null
[2020-07-03T12:33:42.172] [DEBUG] cheese - null
[2020-07-03T14:26:21.429] [DEBUG] cheese - login => username:admin,password:123456
[2020-07-03T14:26:21.429] [DEBUG] cheese - admin
[2020-07-03T14:26:21.432] [DEBUG] cheese - null
[2020-07-03T14:26:21.432] [DEBUG] cheese - null
[2020-07-03T14:26:56.534] [DEBUG] cheese - login => username:admin,password:123456
[2020-07-03T14:26:56.534] [DEBUG] cheese - admin
[2020-07-03T14:26:56.537] [DEBUG] cheese - null
[2020-07-03T14:26:56.537] [DEBUG] cheese - null
[2020-07-03T15:09:03.120] [DEBUG] cheese - login => username:admin,password:123456
[2020-07-03T15:09:03.120] [DEBUG] cheese - admin
[2020-07-03T15:09:03.123] [DEBUG] cheese - null
[2020-07-03T15:09:03.123] [DEBUG] cheese - null
[2020-07-03T17:03:10.975] [DEBUG] cheese - login => username:admin,password:123456
[2020-07-03T17:03:10.976] [DEBUG] cheese - admin
[2020-07-03T17:03:10.979] [DEBUG] cheese - null
[2020-07-03T17:03:10.979] [DEBUG] cheese - null
[2020-07-03T17:14:33.672] [DEBUG] cheese - login => username:admin,password:123456
[2020-07-03T17:14:33.672] [DEBUG] cheese - admin
[2020-07-03T17:14:33.675] [DEBUG] cheese - null
[2020-07-03T17:14:33.676] [DEBUG] cheese - null
[2020-07-04T13:06:13.872] [DEBUG] cheese - login => username:admin,password:123456
[2020-07-04T13:06:13.874] [DEBUG] cheese - admin
[2020-07-04T13:06:13.885] [DEBUG] cheese - null
[2020-07-04T13:06:13.886] [DEBUG] cheese - null
[2020-07-04T13:19:38.405] [DEBUG] cheese - login => username:admin,password:123456
[2020-07-04T13:19:38.405] [DEBUG] cheese - admin
[2020-07-04T13:19:38.410] [DEBUG] cheese - null
[2020-07-04T13:19:38.410] [DEBUG] cheese - null
[2020-07-04T13:26:59.671] [DEBUG] cheese - login => username:admin,password:123456
[2020-07-04T13:26:59.672] [DEBUG] cheese - admin
[2020-07-04T13:26:59.676] [DEBUG] cheese - null
[2020-07-04T13:26:59.676] [DEBUG] cheese - null
[2020-07-04T13:36:44.084] [DEBUG] cheese - login => username:admin,password:123456
[2020-07-04T13:36:44.084] [DEBUG] cheese - admin
[2020-07-04T13:36:44.089] [DEBUG] cheese - null
[2020-07-04T13:36:44.090] [DEBUG] cheese - null
[2020-07-04T16:27:31.989] [DEBUG] cheese - null
[2020-07-04T16:27:56.914] [DEBUG] cheese - null
[2020-07-04T16:28:17.269] [DEBUG] cheese - null
[2020-07-04T16:31:07.878] [DEBUG] cheese - null
[2020-07-04T16:31:12.429] [DEBUG] cheese - null
[2020-07-04T16:31:18.180] [DEBUG] cheese - null
[2020-07-04T16:31:27.071] [DEBUG] cheese - null
[2020-07-04T16:32:30.809] [DEBUG] cheese - null
[2020-07-04T16:46:46.901] [DEBUG] cheese - null
[2020-07-04T16:46:50.348] [DEBUG] cheese - null
[2020-07-04T17:48:55.154] [DEBUG] cheese - null
[2020-07-04T17:48:56.978] [DEBUG] cheese - null
[2020-07-04T19:05:40.726] [DEBUG] cheese - null
[2020-07-04T19:16:01.666] [DEBUG] cheese - null
[2020-07-04T19:17:50.822] [DEBUG] cheese - null
[2020-07-04T19:18:16.334] [DEBUG] cheese - null
[2020-07-04T19:19:41.601] [DEBUG] cheese - null
[2020-07-04T19:27:45.416] [DEBUG] cheese - null
[2020-07-06T09:01:41.086] [DEBUG] cheese - login => username:admin,password:123456
[2020-07-06T09:01:41.088] [DEBUG] cheese - admin
[2020-07-06T09:01:41.103] [DEBUG] cheese - null
[2020-07-06T09:01:41.103] [DEBUG] cheese - null
[2020-07-06T09:03:11.031] [DEBUG] cheese - login => username:admin,password:123456
[2020-07-06T09:03:11.031] [DEBUG] cheese - admin
[2020-07-06T09:03:11.034] [DEBUG] cheese - null
[2020-07-06T09:03:11.034] [DEBUG] cheese - null
[2020-07-06T09:04:01.744] [DEBUG] cheese - login => username:admin,password:123456
[2020-07-06T09:04:01.744] [DEBUG] cheese - admin
[2020-07-06T09:04:01.748] [DEBUG] cheese - null
[2020-07-06T09:04:01.749] [DEBUG] cheese - null
[2020-07-06T09:18:37.533] [DEBUG] cheese - login => username:admin,password:123456
[2020-07-06T09:18:37.533] [DEBUG] cheese - admin
[2020-07-06T09:18:37.537] [DEBUG] cheese - null
[2020-07-06T09:18:37.537] [DEBUG] cheese - null
[2020-07-06T09:18:47.222] [DEBUG] cheese - login => username:admin,password:123456
[2020-07-06T09:18:47.222] [DEBUG] cheese - admin
[2020-07-06T09:18:47.226] [DEBUG] cheese - null
[2020-07-06T09:18:47.226] [DEBUG] cheese - null
[2020-07-06T09:20:51.498] [DEBUG] cheese - login => username:admin,password:123456
[2020-07-06T09:20:51.498] [DEBUG] cheese - admin
[2020-07-06T09:20:51.500] [DEBUG] cheese - null
[2020-07-06T09:20:51.501] [DEBUG] cheese - null
[2020-07-06T09:21:00.156] [DEBUG] cheese - login => username:admin,password:123456
[2020-07-06T09:21:00.156] [DEBUG] cheese - admin
[2020-07-06T09:21:00.160] [DEBUG] cheese - null
[2020-07-06T09:21:00.160] [DEBUG] cheese - null
[2020-07-06T09:40:01.003] [DEBUG] cheese - login => username:admin,password:123456
[2020-07-06T09:40:01.003] [DEBUG] cheese - admin
[2020-07-06T09:40:01.008] [DEBUG] cheese - null
[2020-07-06T09:40:01.008] [DEBUG] cheese - null
[2020-07-06T10:22:48.152] [DEBUG] cheese - login => username:admin,password:123456
[2020-07-06T10:22:48.152] [DEBUG] cheese - admin
[2020-07-06T10:22:48.156] [DEBUG] cheese - null
[2020-07-06T10:22:48.156] [DEBUG] cheese - null
[2020-07-06T10:24:27.969] [DEBUG] cheese - login => username:admin,password:123456
[2020-07-06T10:24:27.969] [DEBUG] cheese - admin
[2020-07-06T10:24:27.977] [DEBUG] cheese - null
[2020-07-06T10:24:27.977] [DEBUG] cheese - null
[2020-07-06T10:27:32.589] [DEBUG] cheese - login => username:admin,password:123456
[2020-07-06T10:27:32.589] [DEBUG] cheese - admin
[2020-07-06T10:27:32.602] [DEBUG] cheese - null
[2020-07-06T10:27:32.602] [DEBUG] cheese - null
[2020-07-06T10:49:31.250] [DEBUG] cheese - login => username:admin,password:123456
[2020-07-06T10:49:31.250] [DEBUG] cheese - admin
[2020-07-06T10:49:31.257] [DEBUG] cheese - null
[2020-07-06T10:49:31.257] [DEBUG] cheese - null
[2020-07-06T11:11:29.600] [DEBUG] cheese - login => username:admin,password:123456
[2020-07-06T11:11:29.602] [DEBUG] cheese - admin
[2020-07-06T11:11:29.617] [DEBUG] cheese - null
[2020-07-06T11:11:29.617] [DEBUG] cheese - null
[2020-07-06T14:09:05.825] [DEBUG] cheese - login => username:admin,password:123456
[2020-07-06T14:09:05.826] [DEBUG] cheese - admin
[2020-07-06T14:09:05.828] [DEBUG] cheese - null
[2020-07-06T14:09:05.829] [DEBUG] cheese - null
[2020-07-06T15:37:55.583] [DEBUG] cheese - login => username:admin,password:123456
[2020-07-06T15:37:55.591] [DEBUG] cheese - admin
[2020-07-06T15:37:55.594] [DEBUG] cheese - null
[2020-07-06T15:37:55.594] [DEBUG] cheese - null
[2020-07-06T16:27:13.700] [DEBUG] cheese - login => username:admin,password:123456
[2020-07-06T16:27:13.700] [DEBUG] cheese - admin
[2020-07-06T16:27:13.703] [DEBUG] cheese - null
[2020-07-06T16:27:13.703] [DEBUG] cheese - null
[2020-07-06T17:53:16.227] [DEBUG] cheese - login => username:admin,password:123456
[2020-07-06T17:53:16.227] [DEBUG] cheese - admin
[2020-07-06T17:53:16.239] [DEBUG] cheese - null
[2020-07-06T17:53:16.240] [DEBUG] cheese - null
[2020-07-07T08:57:19.386] [DEBUG] cheese - login => username:admin,password:123456
[2020-07-07T08:57:19.388] [DEBUG] cheese - admin
[2020-07-07T08:57:19.401] [DEBUG] cheese - null
[2020-07-07T08:57:19.401] [DEBUG] cheese - null
[2020-07-07T08:57:28.551] [DEBUG] cheese - login => username:admin,password:123456
[2020-07-07T08:57:28.551] [DEBUG] cheese - admin
[2020-07-07T08:57:28.554] [DEBUG] cheese - null
[2020-07-07T08:57:28.554] [DEBUG] cheese - null
[2020-07-07T11:43:11.997] [DEBUG] cheese - login => username:admin,password:123456
[2020-07-07T11:43:11.998] [DEBUG] cheese - admin
[2020-07-07T11:43:12.004] [DEBUG] cheese - null
[2020-07-07T11:43:12.004] [DEBUG] cheese - null
[2020-07-07T13:57:22.677] [DEBUG] cheese - login => username:admin,password:123456
[2020-07-07T13:57:22.678] [DEBUG] cheese - admin
[2020-07-07T13:57:22.693] [DEBUG] cheese - null
[2020-07-07T13:57:22.693] [DEBUG] cheese - null
[2020-07-08T09:04:32.821] [DEBUG] cheese - login => username:admin,password:123456
[2020-07-08T09:04:32.823] [DEBUG] cheese - admin
[2020-07-08T09:04:32.835] [DEBUG] cheese - null
[2020-07-08T09:04:32.836] [DEBUG] cheese - null
[2020-07-08T09:04:43.175] [DEBUG] cheese - login => username:admin,password:123456
[2020-07-08T09:04:43.176] [DEBUG] cheese - admin
[2020-07-08T09:04:43.180] [DEBUG] cheese - null
[2020-07-08T09:04:43.180] [DEBUG] cheese - null
[2020-07-08T11:25:18.174] [DEBUG] cheese - login => username:admin,password:123456
[2020-07-08T11:25:18.175] [DEBUG] cheese - admin
[2020-07-08T11:25:18.183] [DEBUG] cheese - null
[2020-07-08T11:25:18.183] [DEBUG] cheese - null
[2020-07-08T11:26:23.759] [DEBUG] cheese - null
[2020-07-08T11:28:00.729] [DEBUG] cheese - null
[2020-07-08T11:28:10.188] [DEBUG] cheese - null
[2020-07-08T11:28:15.338] [DEBUG] cheese - null
[2020-07-08T11:30:47.371] [DEBUG] cheese - null
[2020-07-08T11:36:06.188] [DEBUG] cheese - null
[2020-07-08T11:36:10.224] [DEBUG] cheese - null
[2020-07-08T11:36:12.611] [DEBUG] cheese - null
[2020-07-08T11:36:17.584] [DEBUG] cheese - null
[2020-07-08T11:36:18.937] [DEBUG] cheese - null
[2020-07-08T11:36:19.766] [DEBUG] cheese - null
[2020-07-08T11:36:21.721] [DEBUG] cheese - null
[2020-07-08T11:36:30.216] [DEBUG] cheese - null
[2020-07-08T11:37:44.798] [DEBUG] cheese - login => username:admin,password:123456
[2020-07-08T11:37:44.799] [DEBUG] cheese - admin
[2020-07-08T11:37:44.802] [DEBUG] cheese - null
[2020-07-08T11:37:44.802] [DEBUG] cheese - null
[2020-07-08T14:02:06.581] [DEBUG] cheese - login => username:admin,password:123456
[2020-07-08T14:02:06.581] [DEBUG] cheese - admin
[2020-07-08T14:02:06.584] [DEBUG] cheese - null
[2020-07-08T14:02:06.584] [DEBUG] cheese - null
[2020-07-08T14:02:42.769] [DEBUG] cheese - login => username:admin,password:123456
[2020-07-08T14:02:42.769] [DEBUG] cheese - admin
[2020-07-08T14:02:42.773] [DEBUG] cheese - null
[2020-07-08T14:02:42.773] [DEBUG] cheese - null
[2020-07-08T15:15:46.091] [DEBUG] cheese - login => username:admin,password:123456
[2020-07-08T15:15:46.091] [DEBUG] cheese - admin
[2020-07-08T15:15:46.095] [DEBUG] cheese - null
[2020-07-08T15:15:46.096] [DEBUG] cheese - null
[2020-07-08T17:17:44.785] [DEBUG] cheese - login => username:admin,password:123456
[2020-07-08T17:17:44.785] [DEBUG] cheese - admin
[2020-07-08T17:17:44.790] [DEBUG] cheese - null
[2020-07-08T17:17:44.791] [DEBUG] cheese - null
[2020-07-09T09:05:12.475] [DEBUG] cheese - login => username:admin,password:123456
[2020-07-09T09:05:12.476] [DEBUG] cheese - admin
[2020-07-09T09:05:12.491] [DEBUG] cheese - null
[2020-07-09T09:05:12.491] [DEBUG] cheese - null
[2020-07-09T09:06:13.369] [DEBUG] cheese - login => username:admin,password:123456
[2020-07-09T09:06:13.370] [DEBUG] cheese - admin
[2020-07-09T09:06:13.373] [DEBUG] cheese - null
[2020-07-09T09:06:13.373] [DEBUG] cheese - null
[2020-07-09T11:46:11.717] [DEBUG] cheese - login => username:lisi,password:123456
[2020-07-09T11:46:11.717] [DEBUG] cheese - lisi
[2020-07-09T11:46:11.721] [DEBUG] cheese - null
[2020-07-09T11:46:11.721] [DEBUG] cheese - null
[2020-07-09T11:46:18.359] [DEBUG] cheese - login => username:admin,password:123456
[2020-07-09T11:46:18.359] [DEBUG] cheese - admin
[2020-07-09T11:46:18.361] [DEBUG] cheese - null
[2020-07-09T11:46:18.361] [DEBUG] cheese - null
[2020-07-09T11:46:29.701] [DEBUG] cheese - login => username:lisi,password:123456
[2020-07-09T11:46:29.701] [DEBUG] cheese - lisi
[2020-07-09T11:46:29.703] [DEBUG] cheese - null
[2020-07-09T11:46:29.703] [DEBUG] cheese - null
[2020-07-09T11:46:29.843] [DEBUG] cheese - null
[2020-07-09T11:46:29.854] [DEBUG] cheese - null
[2020-07-09T11:46:47.924] [DEBUG] cheese - login => username:admin,password:123456
[2020-07-09T11:46:47.924] [DEBUG] cheese - admin
[2020-07-09T11:46:47.928] [DEBUG] cheese - null
[2020-07-09T11:46:47.928] [DEBUG] cheese - null
[2020-07-09T11:47:29.955] [DEBUG] cheese - login => username:lisi,password:123456
[2020-07-09T11:47:29.955] [DEBUG] cheese - lisi
[2020-07-09T11:47:29.957] [DEBUG] cheese - null
[2020-07-09T11:47:29.957] [DEBUG] cheese - null
[2020-07-09T11:47:30.094] [DEBUG] cheese - null
[2020-07-09T11:47:30.100] [DEBUG] cheese - null
[2020-07-09T11:47:35.101] [DEBUG] cheese - null
[2020-07-09T11:47:35.104] [DEBUG] cheese - null
[2020-07-09T11:47:37.871] [DEBUG] cheese - null
[2020-07-09T11:47:37.875] [DEBUG] cheese - null
[2020-07-09T11:48:03.015] [DEBUG] cheese - login => username:admin,password:123456
[2020-07-09T11:48:03.015] [DEBUG] cheese - admin
[2020-07-09T11:48:03.018] [DEBUG] cheese - null
[2020-07-09T11:48:03.018] [DEBUG] cheese - null
[2020-07-09T11:48:51.957] [DEBUG] cheese - login => username:lisi,password:123456
[2020-07-09T11:48:51.957] [DEBUG] cheese - lisi
[2020-07-09T11:48:51.959] [DEBUG] cheese - null
[2020-07-09T11:48:51.959] [DEBUG] cheese - null
[2020-07-09T11:48:52.103] [DEBUG] cheese - null
[2020-07-09T11:48:52.105] [DEBUG] cheese - null
[2020-07-09T11:48:59.636] [DEBUG] cheese - null
[2020-07-09T11:48:59.639] [DEBUG] cheese - null
[2020-07-09T11:49:01.096] [DEBUG] cheese - null
[2020-07-09T11:49:01.098] [DEBUG] cheese - null
[2020-07-09T11:49:03.374] [DEBUG] cheese - null
[2020-07-09T11:49:03.377] [DEBUG] cheese - null
[2020-07-09T11:49:08.497] [DEBUG] cheese - null
[2020-07-09T11:49:08.499] [DEBUG] cheese - null
[2020-07-09T11:49:09.350] [DEBUG] cheese - null
[2020-07-09T11:49:09.352] [DEBUG] cheese - null
[2020-07-09T11:49:10.588] [DEBUG] cheese - null
[2020-07-09T11:49:10.591] [DEBUG] cheese - null
[2020-07-09T11:49:11.195] [DEBUG] cheese - null
[2020-07-09T11:49:11.198] [DEBUG] cheese - null
[2020-07-09T11:49:58.735] [DEBUG] cheese - login => username:admin,password:123456
[2020-07-09T11:49:58.735] [DEBUG] cheese - admin
[2020-07-09T11:49:58.737] [DEBUG] cheese - null
[2020-07-09T11:49:58.737] [DEBUG] cheese - null
[2020-07-09T14:09:29.047] [DEBUG] cheese - login => username:admin,password:123456
[2020-07-09T14:09:29.047] [DEBUG] cheese - admin
[2020-07-09T14:09:29.051] [DEBUG] cheese - null
[2020-07-09T14:09:29.051] [DEBUG] cheese - null
[2020-07-09T16:08:11.786] [DEBUG] cheese - login => username:admin,password:123456
[2020-07-09T16:08:11.796] [DEBUG] cheese - admin
[2020-07-09T16:08:11.802] [DEBUG] cheese - null
[2020-07-09T16:08:11.803] [DEBUG] cheese - null
[2020-07-09T16:45:16.176] [DEBUG] cheese - null
[2020-07-09T16:58:01.286] [DEBUG] cheese - null
[2020-07-10T09:04:33.634] [DEBUG] cheese - login => username:admin,password:123456
[2020-07-10T09:04:33.637] [DEBUG] cheese - admin
[2020-07-10T09:04:33.688] [DEBUG] cheese - null
[2020-07-10T09:04:33.688] [DEBUG] cheese - null
[2020-07-10T09:05:48.563] [DEBUG] cheese - login => username:admin,password:123456
[2020-07-10T09:05:48.563] [DEBUG] cheese - admin
[2020-07-10T09:05:48.566] [DEBUG] cheese - null
[2020-07-10T09:05:48.566] [DEBUG] cheese - null
[2020-07-10T14:55:54.068] [DEBUG] cheese - login => username:lisi1,password:123456
[2020-07-10T14:55:54.077] [DEBUG] cheese - lisi1
[2020-07-10T14:55:54.080] [DEBUG] cheese - null
[2020-07-10T14:55:54.080] [DEBUG] cheese - null
[2020-07-10T14:56:00.057] [DEBUG] cheese - login => username:admin,password:123456
[2020-07-10T14:56:00.057] [DEBUG] cheese - admin
[2020-07-10T14:56:00.059] [DEBUG] cheese - null
[2020-07-10T14:56:00.059] [DEBUG] cheese - null
[2020-07-10T14:56:49.179] [DEBUG] cheese - login => username:lisi1,password:123456
[2020-07-10T14:56:49.179] [DEBUG] cheese - lisi1
[2020-07-10T14:56:49.182] [DEBUG] cheese - null
[2020-07-10T14:56:49.182] [DEBUG] cheese - null
[2020-07-10T14:56:49.400] [DEBUG] cheese - null
[2020-07-10T14:56:49.405] [DEBUG] cheese - null
[2020-07-10T14:57:32.127] [DEBUG] cheese - login => username:admin,password:123456
[2020-07-10T14:57:32.128] [DEBUG] cheese - admin
[2020-07-10T14:57:32.130] [DEBUG] cheese - null
[2020-07-10T14:57:32.130] [DEBUG] cheese - null
[2020-07-10T15:00:02.493] [DEBUG] cheese - null
[2020-07-10T15:00:02.503] [DEBUG] cheese - null
[2020-07-10T15:00:10.639] [DEBUG] cheese - login => username:lisi1,password:123456
[2020-07-10T15:00:10.639] [DEBUG] cheese - lisi1
[2020-07-10T15:00:10.643] [DEBUG] cheese - null
[2020-07-10T15:00:10.643] [DEBUG] cheese - null
[2020-07-10T15:01:49.943] [DEBUG] cheese - login => username:admin,password:123456
[2020-07-10T15:01:49.943] [DEBUG] cheese - admin
[2020-07-10T15:01:49.948] [DEBUG] cheese - null
[2020-07-10T15:01:49.948] [DEBUG] cheese - null
[2020-07-10T15:04:13.416] [DEBUG] cheese - login => username:admin,password:123456
[2020-07-10T15:04:13.416] [DEBUG] cheese - admin
[2020-07-10T15:04:13.419] [DEBUG] cheese - null
[2020-07-10T15:04:13.419] [DEBUG] cheese - null
[2020-07-10T15:04:48.265] [DEBUG] cheese - login => username:lisi1,password:123456
[2020-07-10T15:04:48.265] [DEBUG] cheese - lisi1
[2020-07-10T15:04:48.268] [DEBUG] cheese - null
[2020-07-10T15:04:48.268] [DEBUG] cheese - null
[2020-07-10T15:04:53.637] [DEBUG] cheese - null
[2020-07-10T15:04:53.649] [DEBUG] cheese - null
[2020-07-10T15:04:53.653] [DEBUG] cheese - null
[2020-07-10T15:04:53.664] [DEBUG] cheese - null
[2020-07-10T15:04:54.555] [DEBUG] cheese - null
[2020-07-10T15:04:54.560] [DEBUG] cheese - null
[2020-07-10T15:04:56.594] [DEBUG] cheese - null
[2020-07-10T15:04:56.597] [DEBUG] cheese - null
[2020-07-10T15:04:56.601] [DEBUG] cheese - null
[2020-07-10T15:04:56.607] [DEBUG] cheese - null
[2020-07-10T15:05:20.611] [DEBUG] cheese - login => username:admin,password:123456
[2020-07-10T15:05:20.611] [DEBUG] cheese - admin
[2020-07-10T15:05:20.616] [DEBUG] cheese - null
[2020-07-10T15:05:20.616] [DEBUG] cheese - null
[2020-07-10T15:42:00.018] [DEBUG] cheese - login => username:admin,password:123456
[2020-07-10T15:42:00.018] [DEBUG] cheese - admin
[2020-07-10T15:42:00.025] [DEBUG] cheese - null
[2020-07-10T15:42:00.025] [DEBUG] cheese - null
[2020-07-10T15:58:20.867] [DEBUG] cheese - login => username:admin,password:123456
[2020-07-10T15:58:20.867] [DEBUG] cheese - admin
[2020-07-10T15:58:20.872] [DEBUG] cheese - null
[2020-07-10T15:58:20.872] [DEBUG] cheese - null
[2020-07-10T16:56:37.901] [DEBUG] cheese - login => username:admin,password:123456
[2020-07-10T16:56:37.902] [DEBUG] cheese - admin
[2020-07-10T16:56:37.914] [DEBUG] cheese - null
[2020-07-10T16:56:37.914] [DEBUG] cheese - null
[2020-07-10T16:57:27.221] [DEBUG] cheese - login => username:admin,password:123456
[2020-07-10T16:57:27.221] [DEBUG] cheese - admin
[2020-07-10T16:57:27.224] [DEBUG] cheese - null
[2020-07-10T16:57:27.224] [DEBUG] cheese - null
[2020-07-10T17:00:22.487] [DEBUG] cheese - login => username:admin,password:123456
[2020-07-10T17:00:22.487] [DEBUG] cheese - admin
[2020-07-10T17:00:22.493] [DEBUG] cheese - null
[2020-07-10T17:00:22.493] [DEBUG] cheese - null
[2020-07-11T14:05:17.353] [DEBUG] cheese - login => username:admin,password:123456
[2020-07-11T14:05:17.355] [DEBUG] cheese - admin
[2020-07-11T14:05:17.394] [DEBUG] cheese - null
[2020-07-11T14:05:17.395] [DEBUG] cheese - null
[2020-07-11T14:06:41.296] [DEBUG] cheese - login => username:admin,password:123456
[2020-07-11T14:06:41.296] [DEBUG] cheese - admin
[2020-07-11T14:06:41.300] [DEBUG] cheese - null
[2020-07-11T14:06:41.300] [DEBUG] cheese - null
[2020-07-11T14:27:30.548] [DEBUG] cheese - login => username:admin,password:123456
[2020-07-11T14:27:30.548] [DEBUG] cheese - admin
[2020-07-11T14:27:30.552] [DEBUG] cheese - null
[2020-07-11T14:27:30.552] [DEBUG] cheese - null
[2020-07-11T14:28:19.700] [DEBUG] cheese - login => username:admin,password:123456
[2020-07-11T14:28:19.700] [DEBUG] cheese - admin
[2020-07-11T14:28:19.704] [DEBUG] cheese - null
[2020-07-11T14:28:19.704] [DEBUG] cheese - null
[2020-07-11T15:08:23.392] [DEBUG] cheese - login => username:admin,password:123456
[2020-07-11T15:08:23.392] [DEBUG] cheese - admin
[2020-07-11T15:08:23.397] [DEBUG] cheese - null
[2020-07-11T15:08:23.397] [DEBUG] cheese - null
[2020-07-11T17:10:20.904] [DEBUG] cheese - null
[2020-07-11T17:18:44.300] [DEBUG] cheese - null
[2020-07-11T17:22:20.105] [DEBUG] cheese - null
[2020-07-13T09:15:38.687] [DEBUG] cheese - login => username:admin,password:123456
[2020-07-13T09:15:38.689] [DEBUG] cheese - admin
[2020-07-13T09:15:38.701] [DEBUG] cheese - null
[2020-07-13T09:15:38.701] [DEBUG] cheese - null
[2020-07-13T09:15:55.464] [DEBUG] cheese - login => username:admin,password:123456
[2020-07-13T09:15:55.465] [DEBUG] cheese - admin
[2020-07-13T09:15:55.468] [DEBUG] cheese - null
[2020-07-13T09:15:55.468] [DEBUG] cheese - null
